\BOOKMARK [0][-]{chapter*.3}{Introduction}{}% 1
\BOOKMARK [0][-]{chapter.1}{Context}{}% 2
\BOOKMARK [1][-]{section.1.1}{Context-free grammar}{chapter.1}% 3
\BOOKMARK [2][-]{subsection.1.1.1}{Description of the Chomsky normal-form}{section.1.1}% 4
\BOOKMARK [2][-]{subsection.1.1.2}{Convert grammar to Chomsky normal-form}{section.1.1}% 5
\BOOKMARK [1][-]{section.1.2}{CYK algorithm}{chapter.1}% 6
\BOOKMARK [1][-]{section.1.3}{Diverse development approaches}{chapter.1}% 7
\BOOKMARK [2][-]{subsection.1.3.1}{Divide and conquer}{section.1.3}% 8
\BOOKMARK [2][-]{subsection.1.3.2}{Dynamic programing}{section.1.3}% 9
\BOOKMARK [0][-]{chapter.2}{Implementations of the different parsers}{}% 10
\BOOKMARK [1][-]{section.2.1}{Grammar}{chapter.2}% 11
\BOOKMARK [1][-]{section.2.2}{Naive parser}{chapter.2}% 12
\BOOKMARK [2][-]{subsection.2.2.1}{Complexity of the algorithm}{section.2.2}% 13
\BOOKMARK [1][-]{section.2.3}{Top-down parser}{chapter.2}% 14
\BOOKMARK [2][-]{subsection.2.3.1}{Complexity of the algorithm}{section.2.3}% 15
\BOOKMARK [1][-]{section.2.4}{Bottom-up parser}{chapter.2}% 16
\BOOKMARK [2][-]{subsection.2.4.1}{Complexity of the algorithms}{section.2.4}% 17
\BOOKMARK [2][-]{subsection.2.4.2}{Expression of the number of iterations}{section.2.4}% 18
\BOOKMARK [0][-]{chapter.3}{Experimentations, comparisons and obtained results}{}% 19
\BOOKMARK [1][-]{section.3.1}{Generation of the strings}{chapter.3}% 20
\BOOKMARK [1][-]{section.3.2}{Experimentations}{chapter.3}% 21
\BOOKMARK [2][-]{subsection.3.2.1}{Well balanced parentheses}{section.3.2}% 22
\BOOKMARK [2][-]{subsection.3.2.2}{String starting with an `a'}{section.3.2}% 23
\BOOKMARK [2][-]{subsection.3.2.3}{String ending with an `a'}{section.3.2}% 24
\BOOKMARK [0][-]{chapter.4}{Linear grammar}{}% 25
\BOOKMARK [1][-]{section.4.1}{Grammar preprocessing}{chapter.4}% 26
\BOOKMARK [1][-]{section.4.2}{Implementation of a linear grammar parser}{chapter.4}% 27
\BOOKMARK [1][-]{section.4.3}{Experimentation and comparison with previous parsers}{chapter.4}% 28
\BOOKMARK [2][-]{subsection.4.3.1}{Well balanced parentheses}{section.4.3}% 29
\BOOKMARK [0][-]{chapter.5}{Error correction}{}% 30
\BOOKMARK [1][-]{section.5.1}{Implementation of the character replacement}{chapter.5}% 31
\BOOKMARK [1][-]{section.5.2}{Implementation of the character deletion}{chapter.5}% 32
\BOOKMARK [1][-]{section.5.3}{Recuperation of the corrected string}{chapter.5}% 33
\BOOKMARK [1][-]{section.5.4}{Obtained results}{chapter.5}% 34
\BOOKMARK [2][-]{subsection.5.4.1}{Well balanced parenthesis}{section.5.4}% 35
\BOOKMARK [2][-]{subsection.5.4.2}{Strings starting with an `a'}{section.5.4}% 36
\BOOKMARK [0][-]{chapter*.26}{Conclusion}{}% 37
\BOOKMARK [0][-]{chapter*.27}{List of algorithms}{}% 38
\BOOKMARK [0][-]{chapter*.28}{List of Figures}{}% 39
\BOOKMARK [0][-]{chapter*.29}{Bibliography}{}% 40
\BOOKMARK [0][-]{chapter*.30}{Appendix}{}% 41
